# JRE version: Java(TM) SE Runtime Environment (8.0_241-b07) (build 1.8.0_241-b07)
# Java VM: Java HotSpot(TM) 64-Bit Server VM (25.241-b07 mixed mode windows-amd64 compressed oops)
Heap:
 PSYoungGen      total 71680K, used 21422K [0x00000000d5d00000, 0x00000000de180000, 0x0000000100000000)
  eden space 66560K, 24% used [0x00000000d5d00000,0x00000000d6ced788,0x00000000d9e00000)
  from space 5120K, 99% used [0x00000000d9e00000,0x00000000da2fe3d8,0x00000000da300000)
  to   space 11264K, 0% used [0x00000000dd680000,0x00000000dd680000,0x00000000de180000)
 ParOldGen       total 56832K, used 15135K [0x0000000081600000, 0x0000000084d80000, 0x00000000d5d00000)
  object space 56832K, 26% used [0x0000000081600000,0x00000000824c7cc8,0x0000000084d80000)
 Metaspace       used 34267K, capacity 35082K, committed 35376K, reserved 1079296K
  class space    used 4918K, capacity 5122K, committed 5168K, reserved 1048576K
GC Heap History (10 events):
Event: 7.465 GC heap before
{Heap before GC invocations=2 (full 0):
 PSYoungGen      total 38400K, used 37775K [0x00000000d5d00000, 0x00000000d8780000, 0x0000000100000000)
  eden space 33280K, 99% used [0x00000000d5d00000,0x00000000d7d78c50,0x00000000d7d80000)
  from space 5120K, 88% used [0x00000000d7d80000,0x00000000d81eb180,0x00000000d8280000)
  to   space 5120K, 0% used [0x00000000d8280000,0x00000000d8280000,0x00000000d8780000)
 ParOldGen       total 87552K, used 80K [0x0000000081600000, 0x0000000086b80000, 0x00000000d5d00000)
  object space 87552K, 0% used [0x0000000081600000,0x0000000081614010,0x0000000086b80000)
 Metaspace       used 15310K, capacity 15982K, committed 16128K, reserved 1062912K
  class space    used 2099K, capacity 2274K, committed 2304K, reserved 1048576K
Event: 7.474 GC heap after
Heap after GC invocations=2 (full 0):
 PSYoungGen      total 38400K, used 5118K [0x00000000d5d00000, 0x00000000d8780000, 0x0000000100000000)
  eden space 33280K, 0% used [0x00000000d5d00000,0x00000000d5d00000,0x00000000d7d80000)
  from space 5120K, 99% used [0x00000000d8280000,0x00000000d877fb88,0x00000000d8780000)
  to   space 5120K, 0% used [0x00000000d7d80000,0x00000000d7d80000,0x00000000d8280000)
 ParOldGen       total 87552K, used 1285K [0x0000000081600000, 0x0000000086b80000, 0x00000000d5d00000)
  object space 87552K, 1% used [0x0000000081600000,0x0000000081741418,0x0000000086b80000)
 Metaspace       used 15310K, capacity 15982K, committed 16128K, reserved 1062912K
  class space    used 2099K, capacity 2274K, committed 2304K, reserved 1048576K
}
Event: 7.635 GC heap before
{Heap before GC invocations=3 (full 0):
 PSYoungGen      total 38400K, used 38398K [0x00000000d5d00000, 0x00000000d8780000, 0x0000000100000000)
  eden space 33280K, 100% used [0x00000000d5d00000,0x00000000d7d80000,0x00000000d7d80000)
  from space 5120K, 99% used [0x00000000d8280000,0x00000000d877fb88,0x00000000d8780000)
  to   space 5120K, 0% used [0x00000000d7d80000,0x00000000d7d80000,0x00000000d8280000)
 ParOldGen       total 87552K, used 1285K [0x0000000081600000, 0x0000000086b80000, 0x00000000d5d00000)
  object space 87552K, 1% used [0x0000000081600000,0x0000000081741418,0x0000000086b80000)
 Metaspace       used 16582K, capacity 17264K, committed 17664K, reserved 1064960K
  class space    used 2276K, capacity 2467K, committed 2560K, reserved 1048576K
Event: 7.641 GC heap after
Heap after GC invocations=3 (full 0):
 PSYoungGen      total 38400K, used 5107K [0x00000000d5d00000, 0x00000000da800000, 0x0000000100000000)
  eden space 33280K, 0% used [0x00000000d5d00000,0x00000000d5d00000,0x00000000d7d80000)
  from space 5120K, 99% used [0x00000000d7d80000,0x00000000d827cf98,0x00000000d8280000)
  to   space 5120K, 0% used [0x00000000da300000,0x00000000da300000,0x00000000da800000)
 ParOldGen       total 87552K, used 2296K [0x0000000081600000, 0x0000000086b80000, 0x00000000d5d00000)
  object space 87552K, 2% used [0x0000000081600000,0x000000008183e0c0,0x0000000086b80000)
 Metaspace       used 16582K, capacity 17264K, committed 17664K, reserved 1064960K
  class space    used 2276K, capacity 2467K, committed 2560K, reserved 1048576K
}
Event: 8.127 GC heap before
{Heap before GC invocations=4 (full 0):
 PSYoungGen      total 38400K, used 31746K [0x00000000d5d00000, 0x00000000da800000, 0x0000000100000000)
  eden space 33280K, 80% used [0x00000000d5d00000,0x00000000d7703a00,0x00000000d7d80000)
  from space 5120K, 99% used [0x00000000d7d80000,0x00000000d827cf98,0x00000000d8280000)
  to   space 5120K, 0% used [0x00000000da300000,0x00000000da300000,0x00000000da800000)
 ParOldGen       total 87552K, used 2296K [0x0000000081600000, 0x0000000086b80000, 0x00000000d5d00000)
  object space 87552K, 2% used [0x0000000081600000,0x000000008183e0c0,0x0000000086b80000)
 Metaspace       used 20521K, capacity 21176K, committed 21296K, reserved 1067008K
  class space    used 2919K, capacity 3109K, committed 3120K, reserved 1048576K
Event: 8.138 GC heap after
Heap after GC invocations=4 (full 0):
 PSYoungGen      total 71680K, used 5107K [0x00000000d5d00000, 0x00000000da800000, 0x0000000100000000)
  eden space 66560K, 0% used [0x00000000d5d00000,0x00000000d5d00000,0x00000000d9e00000)
  from space 5120K, 99% used [0x00000000da300000,0x00000000da7fcf98,0x00000000da800000)
  to   space 5120K, 0% used [0x00000000d9e00000,0x00000000d9e00000,0x00000000da300000)
 ParOldGen       total 87552K, used 6062K [0x0000000081600000, 0x0000000086b80000, 0x00000000d5d00000)
  object space 87552K, 6% used [0x0000000081600000,0x0000000081beb800,0x0000000086b80000)
 Metaspace       used 20521K, capacity 21176K, committed 21296K, reserved 1067008K
  class space    used 2919K, capacity 3109K, committed 3120K, reserved 1048576K
}
Event: 8.138 GC heap before
{Heap before GC invocations=5 (full 1):
 PSYoungGen      total 71680K, used 5107K [0x00000000d5d00000, 0x00000000da800000, 0x0000000100000000)
  eden space 66560K, 0% used [0x00000000d5d00000,0x00000000d5d00000,0x00000000d9e00000)
  from space 5120K, 99% used [0x00000000da300000,0x00000000da7fcf98,0x00000000da800000)
  to   space 5120K, 0% used [0x00000000d9e00000,0x00000000d9e00000,0x00000000da300000)
 ParOldGen       total 87552K, used 6062K [0x0000000081600000, 0x0000000086b80000, 0x00000000d5d00000)
  object space 87552K, 6% used [0x0000000081600000,0x0000000081beb800,0x0000000086b80000)
 Metaspace       used 20521K, capacity 21176K, committed 21296K, reserved 1067008K
  class space    used 2919K, capacity 3109K, committed 3120K, reserved 1048576K
Event: 8.183 GC heap after
Heap after GC invocations=5 (full 1):
 PSYoungGen      total 71680K, used 0K [0x00000000d5d00000, 0x00000000da800000, 0x0000000100000000)
  eden space 66560K, 0% used [0x00000000d5d00000,0x00000000d5d00000,0x00000000d9e00000)
  from space 5120K, 0% used [0x00000000da300000,0x00000000da300000,0x00000000da800000)
  to   space 5120K, 0% used [0x00000000d9e00000,0x00000000d9e00000,0x00000000da300000)
 ParOldGen       total 56832K, used 10221K [0x0000000081600000, 0x0000000084d80000, 0x00000000d5d00000)
  object space 56832K, 17% used [0x0000000081600000,0x0000000081ffb700,0x0000000084d80000)
 Metaspace       used 20521K, capacity 21176K, committed 21296K, reserved 1067008K
  class space    used 2919K, capacity 3109K, committed 3120K, reserved 1048576K
}
Event: 10.538 GC heap before
{Heap before GC invocations=6 (full 1):
 PSYoungGen      total 71680K, used 66560K [0x00000000d5d00000, 0x00000000da800000, 0x0000000100000000)
  eden space 66560K, 100% used [0x00000000d5d00000,0x00000000d9e00000,0x00000000d9e00000)
  from space 5120K, 0% used [0x00000000da300000,0x00000000da300000,0x00000000da800000)
  to   space 5120K, 0% used [0x00000000d9e00000,0x00000000d9e00000,0x00000000da300000)
 ParOldGen       total 56832K, used 10221K [0x0000000081600000, 0x0000000084d80000, 0x00000000d5d00000)
  object space 56832K, 17% used [0x0000000081600000,0x0000000081ffb700,0x0000000084d80000)
 Metaspace       used 31993K, capacity 32752K, committed 33200K, reserved 1077248K
  class space    used 4543K, capacity 4733K, committed 4784K, reserved 1048576K
Event: 10.551 GC heap after
Heap after GC invocations=6 (full 1):
 PSYoungGen      total 71680K, used 5112K [0x00000000d5d00000, 0x00000000de180000, 0x0000000100000000)
  eden space 66560K, 0% used [0x00000000d5d00000,0x00000000d5d00000,0x00000000d9e00000)
  from space 5120K, 99% used [0x00000000d9e00000,0x00000000da2fe3d8,0x00000000da300000)
  to   space 11264K, 0% used [0x00000000dd680000,0x00000000dd680000,0x00000000de180000)
 ParOldGen       total 56832K, used 15135K [0x0000000081600000, 0x0000000084d80000, 0x00000000d5d00000)
  object space 56832K, 26% used [0x0000000081600000,0x00000000824c7cc8,0x0000000084d80000)
 Metaspace       used 31993K, capacity 32752K, committed 33200K, reserved 1077248K
  class space    used 4543K, capacity 4733K, committed 4784K, reserved 1048576K
}

