# JRE version: Java(TM) SE Runtime Environment (8.0_241-b07) (build 1.8.0_241-b07)
# Java VM: Java HotSpot(TM) 64-Bit Server VM (25.241-b07 mixed mode windows-amd64 compressed oops)
Heap:
 PSYoungGen      total 77824K, used 5798K [0x00000000d5d00000, 0x00000000de000000, 0x0000000100000000)
  eden space 66560K, 0% used [0x00000000d5d00000,0x00000000d5d00000,0x00000000d9e00000)
  from space 11264K, 51% used [0x00000000dd500000,0x00000000ddaa9b00,0x00000000de000000)
  to   space 5120K, 0% used [0x00000000d9e00000,0x00000000d9e00000,0x00000000da300000)
 ParOldGen       total 57856K, used 15200K [0x0000000081600000, 0x0000000084e80000, 0x00000000d5d00000)
  object space 57856K, 26% used [0x0000000081600000,0x00000000824d8378,0x0000000084e80000)
 Metaspace       used 34352K, capacity 35220K, committed 35496K, reserved 1079296K
  class space    used 4933K, capacity 5161K, committed 5168K, reserved 1048576K
GC Heap History (10 events):
Event: 7.168 GC heap after
Heap after GC invocations=3 (full 0):
 PSYoungGen      total 38400K, used 5091K [0x00000000d5d00000, 0x00000000da800000, 0x0000000100000000)
  eden space 33280K, 0% used [0x00000000d5d00000,0x00000000d5d00000,0x00000000d7d80000)
  from space 5120K, 99% used [0x00000000d7d80000,0x00000000d8278f88,0x00000000d8280000)
  to   space 5120K, 0% used [0x00000000da300000,0x00000000da300000,0x00000000da800000)
 ParOldGen       total 87552K, used 2343K [0x0000000081600000, 0x0000000086b80000, 0x00000000d5d00000)
  object space 87552K, 2% used [0x0000000081600000,0x0000000081849f68,0x0000000086b80000)
 Metaspace       used 16564K, capacity 17264K, committed 17664K, reserved 1064960K
  class space    used 2277K, capacity 2467K, committed 2560K, reserved 1048576K
}
Event: 7.753 GC heap before
{Heap before GC invocations=4 (full 0):
 PSYoungGen      total 38400K, used 31721K [0x00000000d5d00000, 0x00000000da800000, 0x0000000100000000)
  eden space 33280K, 80% used [0x00000000d5d00000,0x00000000d7701780,0x00000000d7d80000)
  from space 5120K, 99% used [0x00000000d7d80000,0x00000000d8278f88,0x00000000d8280000)
  to   space 5120K, 0% used [0x00000000da300000,0x00000000da300000,0x00000000da800000)
 ParOldGen       total 87552K, used 2343K [0x0000000081600000, 0x0000000086b80000, 0x00000000d5d00000)
  object space 87552K, 2% used [0x0000000081600000,0x0000000081849f68,0x0000000086b80000)
 Metaspace       used 20519K, capacity 21176K, committed 21296K, reserved 1067008K
  class space    used 2925K, capacity 3109K, committed 3120K, reserved 1048576K
Event: 7.763 GC heap after
Heap after GC invocations=4 (full 0):
 PSYoungGen      total 71680K, used 5107K [0x00000000d5d00000, 0x00000000da800000, 0x0000000100000000)
  eden space 66560K, 0% used [0x00000000d5d00000,0x00000000d5d00000,0x00000000d9e00000)
  from space 5120K, 99% used [0x00000000da300000,0x00000000da7fcfa8,0x00000000da800000)
  to   space 5120K, 0% used [0x00000000d9e00000,0x00000000d9e00000,0x00000000da300000)
 ParOldGen       total 87552K, used 6113K [0x0000000081600000, 0x0000000086b80000, 0x00000000d5d00000)
  object space 87552K, 6% used [0x0000000081600000,0x0000000081bf8500,0x0000000086b80000)
 Metaspace       used 20519K, capacity 21176K, committed 21296K, reserved 1067008K
  class space    used 2925K, capacity 3109K, committed 3120K, reserved 1048576K
}
Event: 7.763 GC heap before
{Heap before GC invocations=5 (full 1):
 PSYoungGen      total 71680K, used 5107K [0x00000000d5d00000, 0x00000000da800000, 0x0000000100000000)
  eden space 66560K, 0% used [0x00000000d5d00000,0x00000000d5d00000,0x00000000d9e00000)
  from space 5120K, 99% used [0x00000000da300000,0x00000000da7fcfa8,0x00000000da800000)
  to   space 5120K, 0% used [0x00000000d9e00000,0x00000000d9e00000,0x00000000da300000)
 ParOldGen       total 87552K, used 6113K [0x0000000081600000, 0x0000000086b80000, 0x00000000d5d00000)
  object space 87552K, 6% used [0x0000000081600000,0x0000000081bf8500,0x0000000086b80000)
 Metaspace       used 20519K, capacity 21176K, committed 21296K, reserved 1067008K
  class space    used 2925K, capacity 3109K, committed 3120K, reserved 1048576K
Event: 7.801 GC heap after
Heap after GC invocations=5 (full 1):
 PSYoungGen      total 71680K, used 0K [0x00000000d5d00000, 0x00000000da800000, 0x0000000100000000)
  eden space 66560K, 0% used [0x00000000d5d00000,0x00000000d5d00000,0x00000000d9e00000)
  from space 5120K, 0% used [0x00000000da300000,0x00000000da300000,0x00000000da800000)
  to   space 5120K, 0% used [0x00000000d9e00000,0x00000000d9e00000,0x00000000da300000)
 ParOldGen       total 57856K, used 10239K [0x0000000081600000, 0x0000000084e80000, 0x00000000d5d00000)
  object space 57856K, 17% used [0x0000000081600000,0x0000000081fffd38,0x0000000084e80000)
 Metaspace       used 20519K, capacity 21176K, committed 21296K, reserved 1067008K
  class space    used 2925K, capacity 3109K, committed 3120K, reserved 1048576K
}
Event: 9.761 GC heap before
{Heap before GC invocations=6 (full 1):
 PSYoungGen      total 71680K, used 66560K [0x00000000d5d00000, 0x00000000da800000, 0x0000000100000000)
  eden space 66560K, 100% used [0x00000000d5d00000,0x00000000d9e00000,0x00000000d9e00000)
  from space 5120K, 0% used [0x00000000da300000,0x00000000da300000,0x00000000da800000)
  to   space 5120K, 0% used [0x00000000d9e00000,0x00000000d9e00000,0x00000000da300000)
 ParOldGen       total 57856K, used 10239K [0x0000000081600000, 0x0000000084e80000, 0x00000000d5d00000)
  object space 57856K, 17% used [0x0000000081600000,0x0000000081fffd38,0x0000000084e80000)
 Metaspace       used 32000K, capacity 32816K, committed 33200K, reserved 1077248K
  class space    used 4548K, capacity 4733K, committed 4784K, reserved 1048576K
Event: 9.773 GC heap after
Heap after GC invocations=6 (full 1):
 PSYoungGen      total 71680K, used 5091K [0x00000000d5d00000, 0x00000000de000000, 0x0000000100000000)
  eden space 66560K, 0% used [0x00000000d5d00000,0x00000000d5d00000,0x00000000d9e00000)
  from space 5120K, 99% used [0x00000000d9e00000,0x00000000da2f8c10,0x00000000da300000)
  to   space 11264K, 0% used [0x00000000dd500000,0x00000000dd500000,0x00000000de000000)
 ParOldGen       total 57856K, used 15200K [0x0000000081600000, 0x0000000084e80000, 0x00000000d5d00000)
  object space 57856K, 26% used [0x0000000081600000,0x00000000824d8378,0x0000000084e80000)
 Metaspace       used 32000K, capacity 32816K, committed 33200K, reserved 1077248K
  class space    used 4548K, capacity 4733K, committed 4784K, reserved 1048576K
}
Event: 10.210 GC heap before
{Heap before GC invocations=7 (full 1):
 PSYoungGen      total 71680K, used 21398K [0x00000000d5d00000, 0x00000000de000000, 0x0000000100000000)
  eden space 66560K, 24% used [0x00000000d5d00000,0x00000000d6cece88,0x00000000d9e00000)
  from space 5120K, 99% used [0x00000000d9e00000,0x00000000da2f8c10,0x00000000da300000)
  to   space 11264K, 0% used [0x00000000dd500000,0x00000000dd500000,0x00000000de000000)
 ParOldGen       total 57856K, used 15200K [0x0000000081600000, 0x0000000084e80000, 0x00000000d5d00000)
  object space 57856K, 26% used [0x0000000081600000,0x00000000824d8378,0x0000000084e80000)
 Metaspace       used 34352K, capacity 35220K, committed 35496K, reserved 1079296K
  class space    used 4933K, capacity 5161K, committed 5168K, reserved 1048576K
Event: 10.245 GC heap after
Heap after GC invocations=7 (full 1):
 PSYoungGen      total 77824K, used 5798K [0x00000000d5d00000, 0x00000000de000000, 0x0000000100000000)
  eden space 66560K, 0% used [0x00000000d5d00000,0x00000000d5d00000,0x00000000d9e00000)
  from space 11264K, 51% used [0x00000000dd500000,0x00000000ddaa9b00,0x00000000de000000)
  to   space 5120K, 0% used [0x00000000d9e00000,0x00000000d9e00000,0x00000000da300000)
 ParOldGen       total 57856K, used 15200K [0x0000000081600000, 0x0000000084e80000, 0x00000000d5d00000)
  object space 57856K, 26% used [0x0000000081600000,0x00000000824d8378,0x0000000084e80000)
 Metaspace       used 34352K, capacity 35220K, committed 35496K, reserved 1079296K
  class space    used 4933K, capacity 5161K, committed 5168K, reserved 1048576K
}
Event: 10.245 GC heap before
{Heap before GC invocations=8 (full 2):
 PSYoungGen      total 77824K, used 5798K [0x00000000d5d00000, 0x00000000de000000, 0x0000000100000000)
  eden space 66560K, 0% used [0x00000000d5d00000,0x00000000d5d00000,0x00000000d9e00000)
  from space 11264K, 51% used [0x00000000dd500000,0x00000000ddaa9b00,0x00000000de000000)
  to   space 5120K, 0% used [0x00000000d9e00000,0x00000000d9e00000,0x00000000da300000)
 ParOldGen       total 57856K, used 15200K [0x0000000081600000, 0x0000000084e80000, 0x00000000d5d00000)
  object space 57856K, 26% used [0x0000000081600000,0x00000000824d8378,0x0000000084e80000)
 Metaspace       used 34352K, capacity 35220K, committed 35496K, reserved 1079296K
  class space    used 4933K, capacity 5161K, committed 5168K, reserved 1048576K

